[debug] [2021-11-14T06:40:58.562Z] ----------------------------------------------------------------------
[debug] [2021-11-14T06:40:58.566Z] Command:       C:\Program Files\nodejs\node.exe C:\Users\iTsHakim\AppData\Roaming\npm\node_modules\firebase-tools\lib\bin\firebase.js init
[debug] [2021-11-14T06:40:58.567Z] CLI Version:   9.22.0
[debug] [2021-11-14T06:40:58.567Z] Platform:      win32
[debug] [2021-11-14T06:40:58.567Z] Node Version:  v16.13.0
[debug] [2021-11-14T06:40:58.569Z] Time:          Sun Nov 14 2021 12:40:58 GMT+0600 (Bangladesh Standard Time)
[debug] [2021-11-14T06:40:58.569Z] ----------------------------------------------------------------------
[debug] 
[debug] [2021-11-14T06:40:58.581Z] > command requires scopes: ["email","openid","https://www.googleapis.com/auth/cloudplatformprojects.readonly","https://www.googleapis.com/auth/firebase","https://www.googleapis.com/auth/cloud-platform"]
[debug] [2021-11-14T06:40:58.581Z] > authorizing via signed-in user (abut1081@gmail.com)
[info] 
     ######## #### ########  ######## ########     ###     ######  ########
     ##        ##  ##     ## ##       ##     ##  ##   ##  ##       ##
     ######    ##  ########  ######   ########  #########  ######  ######
     ##        ##  ##    ##  ##       ##     ## ##     ##       ## ##
     ##       #### ##     ## ######## ########  ##     ##  ######  ########

You're about to initialize a Firebase project in this directory:

  D:\Playground\healthcare-related-website-rootOver3

[info] 
=== Project Setup
[info] 
[info] First, let's associate this project directory with a Firebase project.
[info] You can create multiple project aliases by running firebase use --add, 
[info] but for now we'll just set up a default project.
[info] 
[debug] [2021-11-14T06:41:12.491Z] ----------------------------------------------------------------------
[debug] [2021-11-14T06:41:12.494Z] Command:       C:\Program Files\nodejs\node.exe C:\Users\iTsHakim\AppData\Roaming\npm\node_modules\firebase-tools\lib\bin\firebase.js init
[debug] [2021-11-14T06:41:12.494Z] CLI Version:   9.22.0
[debug] [2021-11-14T06:41:12.494Z] Platform:      win32
[debug] [2021-11-14T06:41:12.495Z] Node Version:  v16.13.0
[debug] [2021-11-14T06:41:12.496Z] Time:          Sun Nov 14 2021 12:41:12 GMT+0600 (Bangladesh Standard Time)
[debug] [2021-11-14T06:41:12.496Z] ----------------------------------------------------------------------
[debug] 
[debug] [2021-11-14T06:41:12.508Z] > command requires scopes: ["email","openid","https://www.googleapis.com/auth/cloudplatformprojects.readonly","https://www.googleapis.com/auth/firebase","https://www.googleapis.com/auth/cloud-platform"]
[debug] [2021-11-14T06:41:12.509Z] > authorizing via signed-in user (abut1081@gmail.com)
[info] 
     ######## #### ########  ######## ########     ###     ######  ########
     ##        ##  ##     ## ##       ##     ##  ##   ##  ##       ##
     ######    ##  ########  ######   ########  #########  ######  ######
     ##        ##  ##    ##  ##       ##     ## ##     ##       ## ##
     ##       #### ##     ## ######## ########  ##     ##  ######  ########

You're about to initialize a Firebase project in this directory:

  D:\Playground\healthcare-related-website-rootOver3

[info] 
=== Project Setup
[info] 
[info] First, let's associate this project directory with a Firebase project.
[info] You can create multiple project aliases by running firebase use --add, 
[info] but for now we'll just set up a default project.
[info] 
[debug] [2021-11-14T06:41:22.100Z] > refreshing access token with scopes: []
[debug] [2021-11-14T06:41:22.100Z] >>> HTTP REQUEST POST https://www.googleapis.com/oauth2/v3/token  
 <request body omitted>
[debug] [2021-11-14T06:41:22.350Z] <<< HTTP RESPONSE 200 {"date":"Sun, 14 Nov 2021 06:41:22 GMT","expires":"Mon, 01 Jan 1990 00:00:00 GMT","pragma":"no-cache","cache-control":"no-cache, no-store, max-age=0, must-revalidate","content-type":"application/json; charset=utf-8","vary":"X-Origin, Referer, Origin,Accept-Encoding","server":"scaffolding on HTTPServer2","x-xss-protection":"0","x-frame-options":"SAMEORIGIN","x-content-type-options":"nosniff","alt-svc":"clear","accept-ranges":"none","transfer-encoding":"chunked"}
[debug] [2021-11-14T06:41:22.375Z] >>> [apiv2][query] GET https://firebase.googleapis.com/v1beta1/projects pageSize=100
[debug] [2021-11-14T06:41:23.088Z] <<< [apiv2][status] GET https://firebase.googleapis.com/v1beta1/projects 200
[debug] [2021-11-14T06:41:23.088Z] <<< [apiv2][body] GET https://firebase.googleapis.com/v1beta1/projects [omitted]
[info] i  Using project medicare-a6bb0 (Medicare) 
[info] 
=== Hosting:github Setup
[info] 
[info] i  Detected a .git folder at D:\Playground\healthcare-related-website-rootOver3 
[info] i  Authorizing with GitHub to upload your service account to a GitHub repository's secrets store. 
[info] 
[info] Visit this URL on this device to log in:
[info] https://github.com/login/oauth/authorize?client_id=89cf50f02ac6aaed3484&state=797746081&redirect_uri=http%3A%2F%2Flocalhost%3A9005&scope=read%3Auser%20repo%20public_repo
[info] 
[info] Waiting for authentication...
[debug] [2021-11-14T06:41:25.773Z] >>> HTTP REQUEST POST https://github.com/login/oauth/access_token  
 {"client_id":"89cf50f02ac6aaed3484","client_secret":"3330d14abc895d9a74d5f17cd7a00711fa2c5bf0","code":"22c5ae79b6a744be38e8","redirect_uri":"http://localhost:9005","state":"797746081"}
[debug] [2021-11-14T06:41:26.452Z] <<< HTTP RESPONSE 200 {"server":"GitHub.com","date":"Sun, 14 Nov 2021 06:41:26 GMT","content-type":"application/json; charset=utf-8","transfer-encoding":"chunked","vary":"X-PJAX, X-PJAX-Container, Accept-Encoding, Accept, X-Requested-With","permissions-policy":"interest-cohort=()","etag":"W/\"b89dde52901282812a0ab254c0f04c91\"","cache-control":"max-age=0, private, must-revalidate","strict-transport-security":"max-age=31536000; includeSubdomains; preload","x-frame-options":"deny","x-content-type-options":"nosniff","x-xss-protection":"0","referrer-policy":"origin-when-cross-origin, strict-origin-when-cross-origin","expect-ct":"max-age=2592000, report-uri=\"https://api.github.com/_private/browser/errors\"","content-security-policy":"default-src 'none'; base-uri 'self'; block-all-mixed-content; child-src github.com/assets-cdn/worker/ gist.github.com/assets-cdn/worker/; connect-src 'self' uploads.github.com objects-origin.githubusercontent.com www.githubstatus.com collector.githubapp.com api.github.com github-cloud.s3.amazonaws.com github-production-repository-file-5c1aeb.s3.amazonaws.com github-production-upload-manifest-file-7fdce7.s3.amazonaws.com github-production-user-asset-6210df.s3.amazonaws.com cdn.optimizely.com logx.optimizely.com/v1/events translator.github.com wss://alive.github.com; font-src github.githubassets.com; form-action 'self' github.com gist.github.com objects-origin.githubusercontent.com; frame-ancestors 'none'; frame-src render.githubusercontent.com viewscreen.githubusercontent.com notebooks.githubusercontent.com; img-src 'self' data: github.githubassets.com identicons.github.com collector.githubapp.com github-cloud.s3.amazonaws.com secured-user-images.githubusercontent.com/ *.githubusercontent.com; manifest-src 'self'; media-src github.com user-images.githubusercontent.com/; script-src github.githubassets.com; style-src 'unsafe-inline' github.githubassets.com; worker-src github.com/assets-cdn/worker/ gist.github.com/assets-cdn/worker/","x-github-request-id":"371A:6F1D:540228:6AA6C4:6190AF95"}
[debug] [2021-11-14T06:41:26.463Z] >>> [apiv2][query] GET https://api.github.com/user [none]
[debug] [2021-11-14T06:41:26.970Z] <<< [apiv2][status] GET https://api.github.com/user 200
[debug] [2021-11-14T06:41:26.970Z] <<< [apiv2][body] GET https://api.github.com/user {"login":"rootOver3","id":49128672,"node_id":"MDQ6VXNlcjQ5MTI4Njcy","avatar_url":"https://avatars.githubusercontent.com/u/49128672?v=4","gravatar_id":"","url":"https://api.github.com/users/rootOver3","html_url":"https://github.com/rootOver3","followers_url":"https://api.github.com/users/rootOver3/followers","following_url":"https://api.github.com/users/rootOver3/following{/other_user}","gists_url":"https://api.github.com/users/rootOver3/gists{/gist_id}","starred_url":"https://api.github.com/users/rootOver3/starred{/owner}{/repo}","subscriptions_url":"https://api.github.com/users/rootOver3/subscriptions","organizations_url":"https://api.github.com/users/rootOver3/orgs","repos_url":"https://api.github.com/users/rootOver3/repos","events_url":"https://api.github.com/users/rootOver3/events{/privacy}","received_events_url":"https://api.github.com/users/rootOver3/received_events","type":"User","site_admin":false,"name":"Abu Taher Muhamamd","company":"Freelancer Lab","blog":"rootover3","location":"Sylhet, Bangladesh","email":null,"hireable":null,"bio":null,"twitter_username":null,"public_repos":12,"public_gists":1,"followers":5,"following":4,"created_at":"2019-03-31T18:54:49Z","updated_at":"2021-11-14T04:09:00Z","private_gists":0,"total_private_repos":9,"owned_private_repos":9,"disk_usage":187766,"collaborators":0,"two_factor_authentication":false,"plan":{"name":"free","space":976562499,"collaborators":0,"private_repos":10000}}
[info] 
[info] +  Success! Logged into GitHub as rootOver3 
[info] 
[debug] [2021-11-14T06:41:34.008Z] >>> [apiv2][query] GET https://api.github.com/repos/ /actions/secrets/public-key type=owner
[debug] [2021-11-14T06:41:34.448Z] <<< [apiv2][status] GET https://api.github.com/repos/ /actions/secrets/public-key 404
[debug] [2021-11-14T06:41:34.448Z] <<< [apiv2][body] GET https://api.github.com/repos/ /actions/secrets/public-key {"message":"Not Found","documentation_url":"https://docs.github.com/rest"}
[debug] [2021-11-14T06:41:34.678Z] >>> [apiv2][query] GET https://api.github.com/repos//actions/secrets/public-key type=owner
[debug] [2021-11-14T06:41:35.055Z] >>> [apiv2][query] GET https://api.github.com/repos//actions/secrets/public-key type=owner
[debug] [2021-11-14T06:41:35.122Z] <<< [apiv2][status] GET https://api.github.com/repos//actions/secrets/public-key 404
[debug] [2021-11-14T06:41:35.122Z] <<< [apiv2][body] GET https://api.github.com/repos//actions/secrets/public-key {"message":"Not Found","documentation_url":"https://docs.github.com/rest"}
[debug] [2021-11-14T06:41:35.223Z] >>> [apiv2][query] GET https://api.github.com/repos//actions/secrets/public-key type=owner
[debug] [2021-11-14T06:41:35.399Z] >>> [apiv2][query] GET https://api.github.com/repos//actions/secrets/public-key type=owner
[debug] [2021-11-14T06:41:35.487Z] <<< [apiv2][status] GET https://api.github.com/repos//actions/secrets/public-key 404
[debug] [2021-11-14T06:41:35.487Z] <<< [apiv2][body] GET https://api.github.com/repos//actions/secrets/public-key {"message":"Not Found","documentation_url":"https://docs.github.com/rest"}
[debug] [2021-11-14T06:41:35.543Z] >>> [apiv2][query] GET https://api.github.com/repos//actions/secrets/public-key type=owner
[debug] [2021-11-14T06:41:35.671Z] <<< [apiv2][status] GET https://api.github.com/repos//actions/secrets/public-key 404
[debug] [2021-11-14T06:41:35.671Z] <<< [apiv2][body] GET https://api.github.com/repos//actions/secrets/public-key {"message":"Not Found","documentation_url":"https://docs.github.com/rest"}
[debug] [2021-11-14T06:41:35.695Z] >>> [apiv2][query] GET https://api.github.com/repos//actions/secrets/public-key type=owner
[debug] [2021-11-14T06:41:35.840Z] <<< [apiv2][status] GET https://api.github.com/repos//actions/secrets/public-key 404
[debug] [2021-11-14T06:41:35.840Z] <<< [apiv2][body] GET https://api.github.com/repos//actions/secrets/public-key {"message":"Not Found","documentation_url":"https://docs.github.com/rest"}
[debug] [2021-11-14T06:41:35.847Z] >>> [apiv2][query] GET https://api.github.com/repos//actions/secrets/public-key type=owner
[debug] [2021-11-14T06:41:35.989Z] <<< [apiv2][status] GET https://api.github.com/repos//actions/secrets/public-key 404
[debug] [2021-11-14T06:41:35.990Z] <<< [apiv2][body] GET https://api.github.com/repos//actions/secrets/public-key {"message":"Not Found","documentation_url":"https://docs.github.com/rest"}
[debug] [2021-11-14T06:41:35.993Z] >>> [apiv2][query] GET https://api.github.com/repos//actions/secrets/public-key type=owner
[debug] [2021-11-14T06:41:36.127Z] <<< [apiv2][status] GET https://api.github.com/repos//actions/secrets/public-key 404
[debug] [2021-11-14T06:41:36.128Z] <<< [apiv2][body] GET https://api.github.com/repos//actions/secrets/public-key {"message":"Not Found","documentation_url":"https://docs.github.com/rest"}
[debug] [2021-11-14T06:41:36.143Z] >>> [apiv2][query] GET https://api.github.com/repos//actions/secrets/public-key type=owner
[debug] [2021-11-14T06:41:36.271Z] <<< [apiv2][status] GET https://api.github.com/repos//actions/secrets/public-key 404
[debug] [2021-11-14T06:41:36.271Z] <<< [apiv2][body] GET https://api.github.com/repos//actions/secrets/public-key {"message":"Not Found","documentation_url":"https://docs.github.com/rest"}
[debug] [2021-11-14T06:41:36.305Z] >>> [apiv2][query] GET https://api.github.com/repos//actions/secrets/public-key type=owner
[debug] [2021-11-14T06:41:36.430Z] <<< [apiv2][status] GET https://api.github.com/repos//actions/secrets/public-key 404
[debug] [2021-11-14T06:41:36.430Z] <<< [apiv2][body] GET https://api.github.com/repos//actions/secrets/public-key {"message":"Not Found","documentation_url":"https://docs.github.com/rest"}
[debug] [2021-11-14T06:41:36.596Z] <<< [apiv2][status] GET https://api.github.com/repos//actions/secrets/public-key 404
[debug] [2021-11-14T06:41:36.596Z] <<< [apiv2][body] GET https://api.github.com/repos//actions/secrets/public-key {"message":"Not Found","documentation_url":"https://docs.github.com/rest"}
[debug] [2021-11-14T06:41:36.742Z] <<< [apiv2][status] GET https://api.github.com/repos//actions/secrets/public-key 404
[debug] [2021-11-14T06:41:36.742Z] <<< [apiv2][body] GET https://api.github.com/repos//actions/secrets/public-key {"message":"Not Found","documentation_url":"https://docs.github.com/rest"}
[debug] [2021-11-14T06:41:56.110Z] >>> [apiv2][query] GET https://api.github.com/repos/rootover4/actions/secrets/public-key type=owner
[debug] [2021-11-14T06:41:56.552Z] <<< [apiv2][status] GET https://api.github.com/repos/rootover4/actions/secrets/public-key 404
[debug] [2021-11-14T06:41:56.552Z] <<< [apiv2][body] GET https://api.github.com/repos/rootover4/actions/secrets/public-key {"message":"Not Found","documentation_url":"https://docs.github.com/rest"}
[debug] [2021-11-14T06:42:01.646Z] >>> [apiv2][query] GET https://api.github.com/repos/rootover3/actions/secrets/public-key type=owner
[debug] [2021-11-14T06:42:02.094Z] <<< [apiv2][status] GET https://api.github.com/repos/rootover3/actions/secrets/public-key 404
[debug] [2021-11-14T06:42:02.094Z] <<< [apiv2][body] GET https://api.github.com/repos/rootover3/actions/secrets/public-key {"message":"Not Found","documentation_url":"https://docs.github.com/rest"}
[debug] [2021-11-14T06:42:20.495Z] >>> [apiv2][query] GET https://api.github.com/repos/rootover3/healthcare-related-website-rootOver3/actions/secrets/public-key type=owner
[debug] [2021-11-14T06:42:20.945Z] <<< [apiv2][status] GET https://api.github.com/repos/rootover3/healthcare-related-website-rootOver3/actions/secrets/public-key 404
[debug] [2021-11-14T06:42:20.945Z] <<< [apiv2][body] GET https://api.github.com/repos/rootover3/healthcare-related-website-rootOver3/actions/secrets/public-key {"message":"Not Found","documentation_url":"https://docs.github.com/rest/reference/actions#get-a-repository-public-key"}
